29-Apr-2025 17:21:10.389 INFO [main] org.apache.catalina.startup.VersionLoggerListener.log Nombre de la versión del servidor: Apache Tomcat/8.5.96
29-Apr-2025 17:21:10.393 INFO [main] org.apache.catalina.startup.VersionLoggerListener.log Server built:                      Nov 10 2023 14:56:59 UTC
29-Apr-2025 17:21:10.394 INFO [main] org.apache.catalina.startup.VersionLoggerListener.log Número de versión de servidor:     8.5.96.0
29-Apr-2025 17:21:10.394 INFO [main] org.apache.catalina.startup.VersionLoggerListener.log OS Name:                           Windows 10
29-Apr-2025 17:21:10.394 INFO [main] org.apache.catalina.startup.VersionLoggerListener.log Versión de Systema Operativo:      10.0
29-Apr-2025 17:21:10.394 INFO [main] org.apache.catalina.startup.VersionLoggerListener.log Arquitectura:                      amd64
29-Apr-2025 17:21:10.394 INFO [main] org.apache.catalina.startup.VersionLoggerListener.log Java Home:                         C:\Program Files\Java\jdk-23
29-Apr-2025 17:21:10.394 INFO [main] org.apache.catalina.startup.VersionLoggerListener.log JVM Version:                       23.0.1+11-39
29-Apr-2025 17:21:10.394 INFO [main] org.apache.catalina.startup.VersionLoggerListener.log Vededor JVM:                       Oracle Corporation
29-Apr-2025 17:21:10.395 INFO [main] org.apache.catalina.startup.VersionLoggerListener.log CATALINA_BASE:                     C:\xampp\tomcat
29-Apr-2025 17:21:10.395 INFO [main] org.apache.catalina.startup.VersionLoggerListener.log CATALINA_HOME:                     C:\xampp\tomcat
29-Apr-2025 17:21:10.397 INFO [main] org.apache.catalina.startup.VersionLoggerListener.log Command line argument:             --add-opens=java.base/java.lang=ALL-UNNAMED
29-Apr-2025 17:21:10.397 INFO [main] org.apache.catalina.startup.VersionLoggerListener.log Command line argument:             --add-opens=java.base/java.io=ALL-UNNAMED
29-Apr-2025 17:21:10.398 INFO [main] org.apache.catalina.startup.VersionLoggerListener.log Command line argument:             --add-opens=java.base/java.util=ALL-UNNAMED
29-Apr-2025 17:21:10.398 INFO [main] org.apache.catalina.startup.VersionLoggerListener.log Command line argument:             --add-opens=java.base/java.util.concurrent=ALL-UNNAMED
29-Apr-2025 17:21:10.398 INFO [main] org.apache.catalina.startup.VersionLoggerListener.log Command line argument:             --add-opens=java.rmi/sun.rmi.transport=ALL-UNNAMED
29-Apr-2025 17:21:10.398 INFO [main] org.apache.catalina.startup.VersionLoggerListener.log Command line argument:             -Djava.util.logging.config.file=C:\xampp\tomcat\conf\logging.properties
29-Apr-2025 17:21:10.398 INFO [main] org.apache.catalina.startup.VersionLoggerListener.log Command line argument:             -Djava.util.logging.manager=org.apache.juli.ClassLoaderLogManager
29-Apr-2025 17:21:10.398 INFO [main] org.apache.catalina.startup.VersionLoggerListener.log Command line argument:             -Dhttp.nonProxyHosts=localhost|127.0.0.1|DESKTOP-UHVQFGP
29-Apr-2025 17:21:10.398 INFO [main] org.apache.catalina.startup.VersionLoggerListener.log Command line argument:             -Djdk.tls.ephemeralDHKeySize=2048
29-Apr-2025 17:21:10.398 INFO [main] org.apache.catalina.startup.VersionLoggerListener.log Command line argument:             -Djava.protocol.handler.pkgs=org.apache.catalina.webresources
29-Apr-2025 17:21:10.399 INFO [main] org.apache.catalina.startup.VersionLoggerListener.log Command line argument:             -Dignore.endorsed.dirs=
29-Apr-2025 17:21:10.399 INFO [main] org.apache.catalina.startup.VersionLoggerListener.log Command line argument:             -Dcatalina.base=C:\xampp\tomcat
29-Apr-2025 17:21:10.399 INFO [main] org.apache.catalina.startup.VersionLoggerListener.log Command line argument:             -Dcatalina.home=C:\xampp\tomcat
29-Apr-2025 17:21:10.399 INFO [main] org.apache.catalina.startup.VersionLoggerListener.log Command line argument:             -Djava.io.tmpdir=C:\xampp\tomcat\temp
29-Apr-2025 17:21:10.399 INFO [main] org.apache.catalina.core.AprLifecycleListener.lifecycleEvent Cargada la biblioteca nativa APR de Apache Tomcat [1.2.39] con la versión APR [1.7.4].
29-Apr-2025 17:21:10.447 INFO [main] org.apache.catalina.core.AprLifecycleListener.lifecycleEvent Capacidades APR: IPv6 [true], enviar fichero [true], aceptar filtros [false], aleatorio [true], UDS [{4}].
29-Apr-2025 17:21:10.447 INFO [main] org.apache.catalina.core.AprLifecycleListener.lifecycleEvent APR/OpenSSL configuration: useAprConnector [false], useOpenSSL [true]
29-Apr-2025 17:21:10.458 INFO [main] org.apache.catalina.core.AprLifecycleListener.initializeSSL OpenSSL inicializado correctamente [OpenSSL 3.0.11 19 Sep 2023]
29-Apr-2025 17:21:10.548 INFO [main] org.apache.coyote.AbstractProtocol.init Inicializando el manejador de protocolo ["http-nio-8080"]

29-Apr-2025 17:21:10.601 INFO [main] org.apache.catalina.startup.Catalina.load Initialization processed in 1057 ms
29-Apr-2025 17:21:10.675 INFO [main] org.apache.catalina.core.StandardService.startInternal Arrancando servicio [Catalina]
29-Apr-2025 17:21:10.676 INFO [main] org.apache.catalina.core.StandardEngine.startInternal Starting Servlet engine: [Apache Tomcat/8.5.96]
29-Apr-2025 17:21:10.691 INFO [localhost-startStop-1] org.apache.catalina.startup.HostConfig.deployDirectory Desplegando el directorio [C:\xampp\tomcat\webapps\docs] de la aplicación web
29-Apr-2025 17:21:11.211 INFO [localhost-startStop-1] org.apache.catalina.startup.HostConfig.deployDirectory Deployment of web application directory [C:\xampp\tomcat\webapps\docs] has finished in [516] ms
29-Apr-2025 17:21:11.212 INFO [localhost-startStop-1] org.apache.catalina.startup.HostConfig.deployDirectory Desplegando el directorio [C:\xampp\tomcat\webapps\examples] de la aplicación web
29-Apr-2025 17:21:11.903 INFO [localhost-startStop-1] org.apache.catalina.startup.HostConfig.deployDirectory Deployment of web application directory [C:\xampp\tomcat\webapps\examples] has finished in [690] ms
29-Apr-2025 17:21:11.903 INFO [localhost-startStop-1] org.apache.catalina.startup.HostConfig.deployDirectory Desplegando el directorio [C:\xampp\tomcat\webapps\host-manager] de la aplicación web
29-Apr-2025 17:21:11.978 INFO [localhost-startStop-1] org.apache.catalina.startup.HostConfig.deployDirectory Deployment of web application directory [C:\xampp\tomcat\webapps\host-manager] has finished in [74] ms
29-Apr-2025 17:21:11.978 INFO [localhost-startStop-1] org.apache.catalina.startup.HostConfig.deployDirectory Desplegando el directorio [C:\xampp\tomcat\webapps\manager] de la aplicación web
29-Apr-2025 17:21:12.034 INFO [localhost-startStop-1] org.apache.catalina.startup.HostConfig.deployDirectory Deployment of web application directory [C:\xampp\tomcat\webapps\manager] has finished in [56] ms
29-Apr-2025 17:21:12.036 INFO [localhost-startStop-1] org.apache.catalina.startup.HostConfig.deployDirectory Desplegando el directorio [C:\xampp\tomcat\webapps\ROOT] de la aplicación web
29-Apr-2025 17:21:12.083 INFO [localhost-startStop-1] org.apache.catalina.startup.HostConfig.deployDirectory Deployment of web application directory [C:\xampp\tomcat\webapps\ROOT] has finished in [46] ms
29-Apr-2025 17:21:12.086 INFO [main] org.apache.coyote.AbstractProtocol.start Starting ProtocolHandler ["http-nio-8080"]
29-Apr-2025 17:21:12.121 INFO [main] org.apache.catalina.startup.Catalina.start Server startup in 1518 ms
29-Apr-2025 17:21:57.546 WARNING [http-nio-8080-exec-7] org.apache.catalina.realm.LockOutRealm.filterLockedAccounts Se ha intentado autenticar al usuario bloqueado []
29-Apr-2025 17:25:32.437 INFO [ContainerBackgroundProcessor[StandardEngine[Catalina]]] org.apache.catalina.users.MemoryUserDatabase.backgroundProcess Reloading memory user database [UserDatabase] from updated source [file:/C:/xampp/tomcat/conf/tomcat-users.xml]
29-Apr-2025 17:25:32.445 SEVERE [ContainerBackgroundProcessor[StandardEngine[Catalina]]] org.apache.tomcat.util.digester.Digester.fatalError Parse Fatal Error at line 59 column 3: The markup in the document following the root element must be well-formed.
	org.xml.sax.SAXParseException; lineNumber: 59; columnNumber: 3; The markup in the document following the root element must be well-formed.
		at java.xml/com.sun.org.apache.xerces.internal.util.ErrorHandlerWrapper.createSAXParseException(ErrorHandlerWrapper.java:204)
		at java.xml/com.sun.org.apache.xerces.internal.util.ErrorHandlerWrapper.fatalError(ErrorHandlerWrapper.java:178)
		at java.xml/com.sun.org.apache.xerces.internal.impl.XMLErrorReporter.reportError(XMLErrorReporter.java:400)
		at java.xml/com.sun.org.apache.xerces.internal.impl.XMLErrorReporter.reportError(XMLErrorReporter.java:327)
		at java.xml/com.sun.org.apache.xerces.internal.impl.XMLScanner.reportFatalError(XMLScanner.java:1465)
		at java.xml/com.sun.org.apache.xerces.internal.impl.XMLDocumentScannerImpl$TrailingMiscDriver.next(XMLDocumentScannerImpl.java:1424)
		at java.xml/com.sun.org.apache.xerces.internal.impl.XMLDocumentScannerImpl.next(XMLDocumentScannerImpl.java:635)
		at java.xml/com.sun.org.apache.xerces.internal.impl.XMLDocumentFragmentScannerImpl.scanDocument(XMLDocumentFragmentScannerImpl.java:551)
		at java.xml/com.sun.org.apache.xerces.internal.parsers.XML11Configuration.parse(XML11Configuration.java:890)
		at java.xml/com.sun.org.apache.xerces.internal.parsers.XML11Configuration.parse(XML11Configuration.java:826)
		at java.xml/com.sun.org.apache.xerces.internal.parsers.XMLParser.parse(XMLParser.java:134)
		at java.xml/com.sun.org.apache.xerces.internal.parsers.AbstractSAXParser.parse(AbstractSAXParser.java:1225)
		at java.xml/com.sun.org.apache.xerces.internal.jaxp.SAXParserImpl$JAXPSAXParser.parse(SAXParserImpl.java:643)
		at org.apache.tomcat.util.digester.Digester.parse(Digester.java:1513)
		at org.apache.catalina.users.MemoryUserDatabase.open(MemoryUserDatabase.java:457)
		at org.apache.catalina.users.MemoryUserDatabase.backgroundProcess(MemoryUserDatabase.java:759)
		at org.apache.catalina.realm.UserDatabaseRealm.backgroundProcess(UserDatabaseRealm.java:136)
		at org.apache.catalina.realm.CombinedRealm.backgroundProcess(CombinedRealm.java:254)
		at org.apache.catalina.core.ContainerBase.backgroundProcess(ContainerBase.java:1094)
		at org.apache.catalina.core.ContainerBase$ContainerBackgroundProcessor.processChildren(ContainerBase.java:1333)
		at org.apache.catalina.core.ContainerBase$ContainerBackgroundProcessor.run(ContainerBase.java:1305)
		at java.base/java.lang.Thread.run(Thread.java:1575)
29-Apr-2025 17:25:32.447 SEVERE [ContainerBackgroundProcessor[StandardEngine[Catalina]]] org.apache.catalina.users.MemoryUserDatabase.backgroundProcess Error reloading memory user database [UserDatabase] from updated source [file:/C:/xampp/tomcat/conf/tomcat-users.xml]
	org.xml.sax.SAXParseException; lineNumber: 59; columnNumber: 3; The markup in the document following the root element must be well-formed.
		at java.xml/com.sun.org.apache.xerces.internal.parsers.AbstractSAXParser.parse(AbstractSAXParser.java:1252)
		at java.xml/com.sun.org.apache.xerces.internal.jaxp.SAXParserImpl$JAXPSAXParser.parse(SAXParserImpl.java:643)
		at org.apache.tomcat.util.digester.Digester.parse(Digester.java:1513)
		at org.apache.catalina.users.MemoryUserDatabase.open(MemoryUserDatabase.java:457)
		at org.apache.catalina.users.MemoryUserDatabase.backgroundProcess(MemoryUserDatabase.java:759)
		at org.apache.catalina.realm.UserDatabaseRealm.backgroundProcess(UserDatabaseRealm.java:136)
		at org.apache.catalina.realm.CombinedRealm.backgroundProcess(CombinedRealm.java:254)
		at org.apache.catalina.core.ContainerBase.backgroundProcess(ContainerBase.java:1094)
		at org.apache.catalina.core.ContainerBase$ContainerBackgroundProcessor.processChildren(ContainerBase.java:1333)
		at org.apache.catalina.core.ContainerBase$ContainerBackgroundProcessor.run(ContainerBase.java:1305)
		at java.base/java.lang.Thread.run(Thread.java:1575)
29-Apr-2025 17:25:42.502 INFO [ContainerBackgroundProcessor[StandardEngine[Catalina]]] org.apache.catalina.users.MemoryUserDatabase.backgroundProcess Reloading memory user database [UserDatabase] from updated source [file:/C:/xampp/tomcat/conf/tomcat-users.xml]
29-Apr-2025 17:25:42.506 SEVERE [ContainerBackgroundProcessor[StandardEngine[Catalina]]] org.apache.tomcat.util.digester.Digester.fatalError Parse Fatal Error at line 59 column 3: The markup in the document following the root element must be well-formed.
	org.xml.sax.SAXParseException; lineNumber: 59; columnNumber: 3; The markup in the document following the root element must be well-formed.
		at java.xml/com.sun.org.apache.xerces.internal.util.ErrorHandlerWrapper.createSAXParseException(ErrorHandlerWrapper.java:204)
		at java.xml/com.sun.org.apache.xerces.internal.util.ErrorHandlerWrapper.fatalError(ErrorHandlerWrapper.java:178)
		at java.xml/com.sun.org.apache.xerces.internal.impl.XMLErrorReporter.reportError(XMLErrorReporter.java:400)
		at java.xml/com.sun.org.apache.xerces.internal.impl.XMLErrorReporter.reportError(XMLErrorReporter.java:327)
		at java.xml/com.sun.org.apache.xerces.internal.impl.XMLScanner.reportFatalError(XMLScanner.java:1465)
		at java.xml/com.sun.org.apache.xerces.internal.impl.XMLDocumentScannerImpl$TrailingMiscDriver.next(XMLDocumentScannerImpl.java:1424)
		at java.xml/com.sun.org.apache.xerces.internal.impl.XMLDocumentScannerImpl.next(XMLDocumentScannerImpl.java:635)
		at java.xml/com.sun.org.apache.xerces.internal.impl.XMLDocumentFragmentScannerImpl.scanDocument(XMLDocumentFragmentScannerImpl.java:551)
		at java.xml/com.sun.org.apache.xerces.internal.parsers.XML11Configuration.parse(XML11Configuration.java:890)
		at java.xml/com.sun.org.apache.xerces.internal.parsers.XML11Configuration.parse(XML11Configuration.java:826)
		at java.xml/com.sun.org.apache.xerces.internal.parsers.XMLParser.parse(XMLParser.java:134)
		at java.xml/com.sun.org.apache.xerces.internal.parsers.AbstractSAXParser.parse(AbstractSAXParser.java:1225)
		at java.xml/com.sun.org.apache.xerces.internal.jaxp.SAXParserImpl$JAXPSAXParser.parse(SAXParserImpl.java:643)
		at org.apache.tomcat.util.digester.Digester.parse(Digester.java:1513)
		at org.apache.catalina.users.MemoryUserDatabase.open(MemoryUserDatabase.java:457)
		at org.apache.catalina.users.MemoryUserDatabase.backgroundProcess(MemoryUserDatabase.java:759)
		at org.apache.catalina.realm.UserDatabaseRealm.backgroundProcess(UserDatabaseRealm.java:136)
		at org.apache.catalina.realm.CombinedRealm.backgroundProcess(CombinedRealm.java:254)
		at org.apache.catalina.core.ContainerBase.backgroundProcess(ContainerBase.java:1094)
		at org.apache.catalina.core.ContainerBase$ContainerBackgroundProcessor.processChildren(ContainerBase.java:1333)
		at org.apache.catalina.core.ContainerBase$ContainerBackgroundProcessor.run(ContainerBase.java:1305)
		at java.base/java.lang.Thread.run(Thread.java:1575)
29-Apr-2025 17:25:42.507 SEVERE [ContainerBackgroundProcessor[StandardEngine[Catalina]]] org.apache.catalina.users.MemoryUserDatabase.backgroundProcess Error reloading memory user database [UserDatabase] from updated source [file:/C:/xampp/tomcat/conf/tomcat-users.xml]
	org.xml.sax.SAXParseException; lineNumber: 59; columnNumber: 3; The markup in the document following the root element must be well-formed.
		at java.xml/com.sun.org.apache.xerces.internal.parsers.AbstractSAXParser.parse(AbstractSAXParser.java:1252)
		at java.xml/com.sun.org.apache.xerces.internal.jaxp.SAXParserImpl$JAXPSAXParser.parse(SAXParserImpl.java:643)
		at org.apache.tomcat.util.digester.Digester.parse(Digester.java:1513)
		at org.apache.catalina.users.MemoryUserDatabase.open(MemoryUserDatabase.java:457)
		at org.apache.catalina.users.MemoryUserDatabase.backgroundProcess(MemoryUserDatabase.java:759)
		at org.apache.catalina.realm.UserDatabaseRealm.backgroundProcess(UserDatabaseRealm.java:136)
		at org.apache.catalina.realm.CombinedRealm.backgroundProcess(CombinedRealm.java:254)
		at org.apache.catalina.core.ContainerBase.backgroundProcess(ContainerBase.java:1094)
		at org.apache.catalina.core.ContainerBase$ContainerBackgroundProcessor.processChildren(ContainerBase.java:1333)
		at org.apache.catalina.core.ContainerBase$ContainerBackgroundProcessor.run(ContainerBase.java:1305)
		at java.base/java.lang.Thread.run(Thread.java:1575)
29-Apr-2025 17:25:45.151 WARNING [http-nio-8080-exec-8] org.apache.catalina.realm.LockOutRealm.filterLockedAccounts Se ha intentado autenticar al usuario bloqueado [admin]
29-Apr-2025 17:25:45.344 WARNING [http-nio-8080-exec-1] org.apache.catalina.realm.LockOutRealm.filterLockedAccounts Se ha intentado autenticar al usuario bloqueado [admin]
29-Apr-2025 17:25:47.719 WARNING [http-nio-8080-exec-4] org.apache.catalina.realm.LockOutRealm.filterLockedAccounts Se ha intentado autenticar al usuario bloqueado []
29-Apr-2025 17:25:47.743 WARNING [http-nio-8080-exec-6] org.apache.catalina.realm.LockOutRealm.filterLockedAccounts Se ha intentado autenticar al usuario bloqueado []
29-Apr-2025 17:26:32.835 INFO [ContainerBackgroundProcessor[StandardEngine[Catalina]]] org.apache.catalina.users.MemoryUserDatabase.backgroundProcess Reloading memory user database [UserDatabase] from updated source [file:/C:/xampp/tomcat/conf/tomcat-users.xml]
29-Apr-2025 17:26:54.526 WARNING [http-nio-8080-exec-1] org.apache.catalina.realm.LockOutRealm.filterLockedAccounts Se ha intentado autenticar al usuario bloqueado [admin]
29-Apr-2025 17:27:01.381 WARNING [http-nio-8080-exec-2] org.apache.catalina.realm.LockOutRealm.filterLockedAccounts Se ha intentado autenticar al usuario bloqueado []
29-Apr-2025 17:27:02.934 WARNING [http-nio-8080-exec-3] org.apache.catalina.realm.LockOutRealm.filterLockedAccounts Se ha intentado autenticar al usuario bloqueado []
29-Apr-2025 17:27:02.942 WARNING [http-nio-8080-exec-5] org.apache.catalina.realm.LockOutRealm.filterLockedAccounts Se ha intentado autenticar al usuario bloqueado []
29-Apr-2025 17:29:43.055 INFO [ContainerBackgroundProcessor[StandardEngine[Catalina]]] org.apache.catalina.users.MemoryUserDatabase.backgroundProcess Reloading memory user database [UserDatabase] from updated source [file:/C:/xampp/tomcat/conf/tomcat-users.xml]
29-Apr-2025 17:29:59.680 WARNING [http-nio-8080-exec-3] org.apache.catalina.realm.LockOutRealm.filterLockedAccounts Se ha intentado autenticar al usuario bloqueado [admin]
29-Apr-2025 17:30:08.861 WARNING [http-nio-8080-exec-8] org.apache.catalina.realm.LockOutRealm.filterLockedAccounts Se ha intentado autenticar al usuario bloqueado [admin]
29-Apr-2025 17:30:44.366 INFO [main] org.apache.catalina.core.StandardServer.await Se ha recibido un comando de apagado a través del puerto de apagado. Parando la instancia del Servidor.
29-Apr-2025 17:30:44.367 INFO [main] org.apache.coyote.AbstractProtocol.pause Pausing ProtocolHandler ["http-nio-8080"]
29-Apr-2025 17:30:44.372 INFO [main] org.apache.catalina.core.StandardService.stopInternal Parando servicio [Catalina]
29-Apr-2025 17:30:44.404 INFO [main] org.apache.coyote.AbstractProtocol.stop Stopping ProtocolHandler ["http-nio-8080"]
29-Apr-2025 17:30:44.411 INFO [main] org.apache.coyote.AbstractProtocol.destroy Destroying ProtocolHandler ["http-nio-8080"]
29-Apr-2025 17:33:21.398 INFO [main] org.apache.catalina.startup.VersionLoggerListener.log Nombre de la versión del servidor: Apache Tomcat/8.5.96
29-Apr-2025 17:33:21.402 INFO [main] org.apache.catalina.startup.VersionLoggerListener.log Server built:                      Nov 10 2023 14:56:59 UTC
29-Apr-2025 17:33:21.402 INFO [main] org.apache.catalina.startup.VersionLoggerListener.log Número de versión de servidor:     8.5.96.0
29-Apr-2025 17:33:21.402 INFO [main] org.apache.catalina.startup.VersionLoggerListener.log OS Name:                           Windows 10
29-Apr-2025 17:33:21.402 INFO [main] org.apache.catalina.startup.VersionLoggerListener.log Versión de Systema Operativo:      10.0
29-Apr-2025 17:33:21.403 INFO [main] org.apache.catalina.startup.VersionLoggerListener.log Arquitectura:                      amd64
29-Apr-2025 17:33:21.403 INFO [main] org.apache.catalina.startup.VersionLoggerListener.log Java Home:                         C:\Program Files\Java\jdk-23
29-Apr-2025 17:33:21.403 INFO [main] org.apache.catalina.startup.VersionLoggerListener.log JVM Version:                       23.0.1+11-39
29-Apr-2025 17:33:21.403 INFO [main] org.apache.catalina.startup.VersionLoggerListener.log Vededor JVM:                       Oracle Corporation
29-Apr-2025 17:33:21.403 INFO [main] org.apache.catalina.startup.VersionLoggerListener.log CATALINA_BASE:                     C:\xampp\tomcat
29-Apr-2025 17:33:21.403 INFO [main] org.apache.catalina.startup.VersionLoggerListener.log CATALINA_HOME:                     C:\xampp\tomcat
29-Apr-2025 17:33:21.404 INFO [main] org.apache.catalina.startup.VersionLoggerListener.log Command line argument:             --add-opens=java.base/java.lang=ALL-UNNAMED
29-Apr-2025 17:33:21.404 INFO [main] org.apache.catalina.startup.VersionLoggerListener.log Command line argument:             --add-opens=java.base/java.io=ALL-UNNAMED
29-Apr-2025 17:33:21.404 INFO [main] org.apache.catalina.startup.VersionLoggerListener.log Command line argument:             --add-opens=java.base/java.util=ALL-UNNAMED
29-Apr-2025 17:33:21.407 INFO [main] org.apache.catalina.startup.VersionLoggerListener.log Command line argument:             --add-opens=java.base/java.util.concurrent=ALL-UNNAMED
29-Apr-2025 17:33:21.407 INFO [main] org.apache.catalina.startup.VersionLoggerListener.log Command line argument:             --add-opens=java.rmi/sun.rmi.transport=ALL-UNNAMED
29-Apr-2025 17:33:21.407 INFO [main] org.apache.catalina.startup.VersionLoggerListener.log Command line argument:             -Djava.util.logging.config.file=C:\xampp\tomcat\conf\logging.properties
29-Apr-2025 17:33:21.408 INFO [main] org.apache.catalina.startup.VersionLoggerListener.log Command line argument:             -Djava.util.logging.manager=org.apache.juli.ClassLoaderLogManager
29-Apr-2025 17:33:21.408 INFO [main] org.apache.catalina.startup.VersionLoggerListener.log Command line argument:             -Djdk.tls.ephemeralDHKeySize=2048
29-Apr-2025 17:33:21.408 INFO [main] org.apache.catalina.startup.VersionLoggerListener.log Command line argument:             -Djava.protocol.handler.pkgs=org.apache.catalina.webresources
29-Apr-2025 17:33:21.408 INFO [main] org.apache.catalina.startup.VersionLoggerListener.log Command line argument:             -Dignore.endorsed.dirs=
29-Apr-2025 17:33:21.408 INFO [main] org.apache.catalina.startup.VersionLoggerListener.log Command line argument:             -Dcatalina.base=C:\xampp\tomcat
29-Apr-2025 17:33:21.409 INFO [main] org.apache.catalina.startup.VersionLoggerListener.log Command line argument:             -Dcatalina.home=C:\xampp\tomcat
29-Apr-2025 17:33:21.409 INFO [main] org.apache.catalina.startup.VersionLoggerListener.log Command line argument:             -Djava.io.tmpdir=C:\xampp\tomcat\temp
29-Apr-2025 17:33:21.409 INFO [main] org.apache.catalina.core.AprLifecycleListener.lifecycleEvent Cargada la biblioteca nativa APR de Apache Tomcat [1.2.39] con la versión APR [1.7.4].
29-Apr-2025 17:33:21.409 INFO [main] org.apache.catalina.core.AprLifecycleListener.lifecycleEvent Capacidades APR: IPv6 [true], enviar fichero [true], aceptar filtros [false], aleatorio [true], UDS [{4}].
29-Apr-2025 17:33:21.464 INFO [main] org.apache.catalina.core.AprLifecycleListener.lifecycleEvent APR/OpenSSL configuration: useAprConnector [false], useOpenSSL [true]
29-Apr-2025 17:33:21.476 INFO [main] org.apache.catalina.core.AprLifecycleListener.initializeSSL OpenSSL inicializado correctamente [OpenSSL 3.0.11 19 Sep 2023]
29-Apr-2025 17:33:21.560 INFO [main] org.apache.coyote.AbstractProtocol.init Inicializando el manejador de protocolo ["http-nio-8080"]

29-Apr-2025 17:33:21.631 INFO [main] org.apache.catalina.startup.Catalina.load Initialization processed in 985 ms
29-Apr-2025 17:33:21.714 INFO [main] org.apache.catalina.core.StandardService.startInternal Arrancando servicio [Catalina]
29-Apr-2025 17:33:21.714 INFO [main] org.apache.catalina.core.StandardEngine.startInternal Starting Servlet engine: [Apache Tomcat/8.5.96]
29-Apr-2025 17:33:21.742 INFO [localhost-startStop-1] org.apache.catalina.startup.HostConfig.deployDirectory Desplegando el directorio [C:\xampp\tomcat\webapps\docs] de la aplicación web
29-Apr-2025 17:33:22.204 INFO [localhost-startStop-1] org.apache.catalina.startup.HostConfig.deployDirectory Deployment of web application directory [C:\xampp\tomcat\webapps\docs] has finished in [458] ms
29-Apr-2025 17:33:22.205 INFO [localhost-startStop-1] org.apache.catalina.startup.HostConfig.deployDirectory Desplegando el directorio [C:\xampp\tomcat\webapps\examples] de la aplicación web
29-Apr-2025 17:33:22.817 INFO [localhost-startStop-1] org.apache.catalina.startup.HostConfig.deployDirectory Deployment of web application directory [C:\xampp\tomcat\webapps\examples] has finished in [613] ms
29-Apr-2025 17:33:22.819 INFO [localhost-startStop-1] org.apache.catalina.startup.HostConfig.deployDirectory Desplegando el directorio [C:\xampp\tomcat\webapps\host-manager] de la aplicación web
29-Apr-2025 17:33:22.881 INFO [localhost-startStop-1] org.apache.catalina.startup.HostConfig.deployDirectory Deployment of web application directory [C:\xampp\tomcat\webapps\host-manager] has finished in [62] ms
29-Apr-2025 17:33:22.882 INFO [localhost-startStop-1] org.apache.catalina.startup.HostConfig.deployDirectory Desplegando el directorio [C:\xampp\tomcat\webapps\manager] de la aplicación web
29-Apr-2025 17:33:22.974 INFO [localhost-startStop-1] org.apache.catalina.startup.HostConfig.deployDirectory Deployment of web application directory [C:\xampp\tomcat\webapps\manager] has finished in [93] ms
29-Apr-2025 17:33:22.975 INFO [localhost-startStop-1] org.apache.catalina.startup.HostConfig.deployDirectory Desplegando el directorio [C:\xampp\tomcat\webapps\ROOT] de la aplicación web
29-Apr-2025 17:33:23.040 INFO [localhost-startStop-1] org.apache.catalina.startup.HostConfig.deployDirectory Deployment of web application directory [C:\xampp\tomcat\webapps\ROOT] has finished in [66] ms
29-Apr-2025 17:33:23.043 INFO [main] org.apache.coyote.AbstractProtocol.start Starting ProtocolHandler ["http-nio-8080"]
29-Apr-2025 17:33:23.094 INFO [main] org.apache.catalina.startup.Catalina.start Server startup in 1459 ms
29-Apr-2025 17:36:13.275 INFO [ContainerBackgroundProcessor[StandardEngine[Catalina]]] org.apache.catalina.users.MemoryUserDatabase.backgroundProcess Reloading memory user database [UserDatabase] from updated source [file:/C:/xampp/tomcat/conf/tomcat-users.xml]
29-Apr-2025 17:41:16.865 INFO [main] org.apache.catalina.core.StandardServer.await Se ha recibido un comando de apagado a través del puerto de apagado. Parando la instancia del Servidor.
29-Apr-2025 17:41:16.866 INFO [main] org.apache.coyote.AbstractProtocol.pause Pausing ProtocolHandler ["http-nio-8080"]
29-Apr-2025 17:41:16.871 INFO [main] org.apache.catalina.core.StandardService.stopInternal Parando servicio [Catalina]
29-Apr-2025 17:41:16.931 INFO [main] org.apache.coyote.AbstractProtocol.stop Stopping ProtocolHandler ["http-nio-8080"]
29-Apr-2025 17:41:16.936 INFO [main] org.apache.coyote.AbstractProtocol.destroy Destroying ProtocolHandler ["http-nio-8080"]
29-Apr-2025 17:43:41.880 INFO [main] org.apache.catalina.startup.VersionLoggerListener.log Nombre de la versión del servidor: Apache Tomcat/8.5.96
29-Apr-2025 17:43:41.884 INFO [main] org.apache.catalina.startup.VersionLoggerListener.log Server built:                      Nov 10 2023 14:56:59 UTC
29-Apr-2025 17:43:41.884 INFO [main] org.apache.catalina.startup.VersionLoggerListener.log Número de versión de servidor:     8.5.96.0
29-Apr-2025 17:43:41.884 INFO [main] org.apache.catalina.startup.VersionLoggerListener.log OS Name:                           Windows 10
29-Apr-2025 17:43:41.884 INFO [main] org.apache.catalina.startup.VersionLoggerListener.log Versión de Systema Operativo:      10.0
29-Apr-2025 17:43:41.884 INFO [main] org.apache.catalina.startup.VersionLoggerListener.log Arquitectura:                      amd64
29-Apr-2025 17:43:41.885 INFO [main] org.apache.catalina.startup.VersionLoggerListener.log Java Home:                         C:\Program Files\Java\jdk-23
29-Apr-2025 17:43:41.885 INFO [main] org.apache.catalina.startup.VersionLoggerListener.log JVM Version:                       23.0.1+11-39
29-Apr-2025 17:43:41.885 INFO [main] org.apache.catalina.startup.VersionLoggerListener.log Vededor JVM:                       Oracle Corporation
29-Apr-2025 17:43:41.885 INFO [main] org.apache.catalina.startup.VersionLoggerListener.log CATALINA_BASE:                     C:\xampp\tomcat
29-Apr-2025 17:43:41.885 INFO [main] org.apache.catalina.startup.VersionLoggerListener.log CATALINA_HOME:                     C:\xampp\tomcat
29-Apr-2025 17:43:41.886 INFO [main] org.apache.catalina.startup.VersionLoggerListener.log Command line argument:             --add-opens=java.base/java.lang=ALL-UNNAMED
29-Apr-2025 17:43:41.886 INFO [main] org.apache.catalina.startup.VersionLoggerListener.log Command line argument:             --add-opens=java.base/java.io=ALL-UNNAMED
29-Apr-2025 17:43:41.886 INFO [main] org.apache.catalina.startup.VersionLoggerListener.log Command line argument:             --add-opens=java.base/java.util=ALL-UNNAMED
29-Apr-2025 17:43:41.886 INFO [main] org.apache.catalina.startup.VersionLoggerListener.log Command line argument:             --add-opens=java.base/java.util.concurrent=ALL-UNNAMED
29-Apr-2025 17:43:41.886 INFO [main] org.apache.catalina.startup.VersionLoggerListener.log Command line argument:             --add-opens=java.rmi/sun.rmi.transport=ALL-UNNAMED
29-Apr-2025 17:43:41.887 INFO [main] org.apache.catalina.startup.VersionLoggerListener.log Command line argument:             -Djava.util.logging.config.file=C:\xampp\tomcat\conf\logging.properties
29-Apr-2025 17:43:41.887 INFO [main] org.apache.catalina.startup.VersionLoggerListener.log Command line argument:             -Djava.util.logging.manager=org.apache.juli.ClassLoaderLogManager
29-Apr-2025 17:43:41.887 INFO [main] org.apache.catalina.startup.VersionLoggerListener.log Command line argument:             -Djdk.tls.ephemeralDHKeySize=2048
29-Apr-2025 17:43:41.887 INFO [main] org.apache.catalina.startup.VersionLoggerListener.log Command line argument:             -Djava.protocol.handler.pkgs=org.apache.catalina.webresources
29-Apr-2025 17:43:41.887 INFO [main] org.apache.catalina.startup.VersionLoggerListener.log Command line argument:             -Dignore.endorsed.dirs=
29-Apr-2025 17:43:41.887 INFO [main] org.apache.catalina.startup.VersionLoggerListener.log Command line argument:             -Dcatalina.base=C:\xampp\tomcat
29-Apr-2025 17:43:41.888 INFO [main] org.apache.catalina.startup.VersionLoggerListener.log Command line argument:             -Dcatalina.home=C:\xampp\tomcat
29-Apr-2025 17:43:41.888 INFO [main] org.apache.catalina.startup.VersionLoggerListener.log Command line argument:             -Djava.io.tmpdir=C:\xampp\tomcat\temp
29-Apr-2025 17:43:41.888 INFO [main] org.apache.catalina.core.AprLifecycleListener.lifecycleEvent Cargada la biblioteca nativa APR de Apache Tomcat [1.2.39] con la versión APR [1.7.4].
29-Apr-2025 17:43:41.888 INFO [main] org.apache.catalina.core.AprLifecycleListener.lifecycleEvent Capacidades APR: IPv6 [true], enviar fichero [true], aceptar filtros [false], aleatorio [true], UDS [{4}].
29-Apr-2025 17:43:41.956 INFO [main] org.apache.catalina.core.AprLifecycleListener.lifecycleEvent APR/OpenSSL configuration: useAprConnector [false], useOpenSSL [true]
29-Apr-2025 17:43:41.966 INFO [main] org.apache.catalina.core.AprLifecycleListener.initializeSSL OpenSSL inicializado correctamente [OpenSSL 3.0.11 19 Sep 2023]
29-Apr-2025 17:43:42.077 INFO [main] org.apache.coyote.AbstractProtocol.init Inicializando el manejador de protocolo ["http-nio-8080"]

29-Apr-2025 17:43:42.155 INFO [main] org.apache.catalina.startup.Catalina.load Initialization processed in 1023 ms
29-Apr-2025 17:43:42.243 INFO [main] org.apache.catalina.core.StandardService.startInternal Arrancando servicio [Catalina]
29-Apr-2025 17:43:42.244 INFO [main] org.apache.catalina.core.StandardEngine.startInternal Starting Servlet engine: [Apache Tomcat/8.5.96]
29-Apr-2025 17:43:42.259 INFO [localhost-startStop-1] org.apache.catalina.startup.HostConfig.deployDirectory Desplegando el directorio [C:\xampp\tomcat\webapps\docs] de la aplicación web
29-Apr-2025 17:43:42.737 INFO [localhost-startStop-1] org.apache.catalina.startup.HostConfig.deployDirectory Deployment of web application directory [C:\xampp\tomcat\webapps\docs] has finished in [473] ms
29-Apr-2025 17:43:42.738 INFO [localhost-startStop-1] org.apache.catalina.startup.HostConfig.deployDirectory Desplegando el directorio [C:\xampp\tomcat\webapps\examples] de la aplicación web
29-Apr-2025 17:43:43.406 INFO [localhost-startStop-1] org.apache.catalina.startup.HostConfig.deployDirectory Deployment of web application directory [C:\xampp\tomcat\webapps\examples] has finished in [667] ms
29-Apr-2025 17:43:43.406 INFO [localhost-startStop-1] org.apache.catalina.startup.HostConfig.deployDirectory Desplegando el directorio [C:\xampp\tomcat\webapps\host-manager] de la aplicación web
29-Apr-2025 17:43:43.456 INFO [localhost-startStop-1] org.apache.catalina.startup.HostConfig.deployDirectory Deployment of web application directory [C:\xampp\tomcat\webapps\host-manager] has finished in [50] ms
29-Apr-2025 17:43:43.456 INFO [localhost-startStop-1] org.apache.catalina.startup.HostConfig.deployDirectory Desplegando el directorio [C:\xampp\tomcat\webapps\manager] de la aplicación web
29-Apr-2025 17:43:43.543 INFO [localhost-startStop-1] org.apache.catalina.startup.HostConfig.deployDirectory Deployment of web application directory [C:\xampp\tomcat\webapps\manager] has finished in [87] ms
29-Apr-2025 17:43:43.544 INFO [localhost-startStop-1] org.apache.catalina.startup.HostConfig.deployDirectory Desplegando el directorio [C:\xampp\tomcat\webapps\Projecto] de la aplicación web
29-Apr-2025 17:43:43.615 INFO [localhost-startStop-1] org.apache.catalina.startup.HostConfig.deployDirectory Deployment of web application directory [C:\xampp\tomcat\webapps\Projecto] has finished in [71] ms
29-Apr-2025 17:43:43.615 INFO [localhost-startStop-1] org.apache.catalina.startup.HostConfig.deployDirectory Desplegando el directorio [C:\xampp\tomcat\webapps\ROOT] de la aplicación web
29-Apr-2025 17:43:43.645 INFO [localhost-startStop-1] org.apache.catalina.startup.HostConfig.deployDirectory Deployment of web application directory [C:\xampp\tomcat\webapps\ROOT] has finished in [30] ms
29-Apr-2025 17:43:43.648 INFO [main] org.apache.coyote.AbstractProtocol.start Starting ProtocolHandler ["http-nio-8080"]
29-Apr-2025 17:43:43.688 INFO [main] org.apache.catalina.startup.Catalina.start Server startup in 1531 ms
29-Apr-2025 17:51:44.283 INFO [localhost-startStop-2] org.apache.catalina.startup.HostConfig.deployDirectory Desplegando el directorio [C:\xampp\tomcat\webapps\projecto] de la aplicación web
29-Apr-2025 17:51:44.313 INFO [localhost-startStop-2] org.apache.catalina.startup.HostConfig.deployDirectory Deployment of web application directory [C:\xampp\tomcat\webapps\projecto] has finished in [30] ms
29-Apr-2025 17:51:48.660 INFO [http-nio-8080-exec-10] org.apache.catalina.core.StandardContext.reload Ha comenzado la recarga de Contexto [/Projecto]
29-Apr-2025 17:51:48.713 INFO [http-nio-8080-exec-10] org.apache.catalina.core.StandardContext.reload Se ha completado la recarga de este Contexto
29-Apr-2025 17:51:56.927 INFO [main] org.apache.catalina.core.StandardServer.await Se ha recibido un comando de apagado a través del puerto de apagado. Parando la instancia del Servidor.
29-Apr-2025 17:51:56.928 INFO [main] org.apache.coyote.AbstractProtocol.pause Pausing ProtocolHandler ["http-nio-8080"]
29-Apr-2025 17:51:56.936 INFO [main] org.apache.catalina.core.StandardService.stopInternal Parando servicio [Catalina]
29-Apr-2025 17:51:56.973 INFO [main] org.apache.coyote.AbstractProtocol.stop Stopping ProtocolHandler ["http-nio-8080"]
29-Apr-2025 17:51:56.977 INFO [main] org.apache.coyote.AbstractProtocol.destroy Destroying ProtocolHandler ["http-nio-8080"]
29-Apr-2025 17:52:18.195 INFO [main] org.apache.catalina.startup.VersionLoggerListener.log Nombre de la versión del servidor: Apache Tomcat/8.5.96
29-Apr-2025 17:52:18.198 INFO [main] org.apache.catalina.startup.VersionLoggerListener.log Server built:                      Nov 10 2023 14:56:59 UTC
29-Apr-2025 17:52:18.199 INFO [main] org.apache.catalina.startup.VersionLoggerListener.log Número de versión de servidor:     8.5.96.0
29-Apr-2025 17:52:18.199 INFO [main] org.apache.catalina.startup.VersionLoggerListener.log OS Name:                           Windows 10
29-Apr-2025 17:52:18.199 INFO [main] org.apache.catalina.startup.VersionLoggerListener.log Versión de Systema Operativo:      10.0
29-Apr-2025 17:52:18.199 INFO [main] org.apache.catalina.startup.VersionLoggerListener.log Arquitectura:                      amd64
29-Apr-2025 17:52:18.199 INFO [main] org.apache.catalina.startup.VersionLoggerListener.log Java Home:                         C:\Program Files\Java\jdk-23
29-Apr-2025 17:52:18.200 INFO [main] org.apache.catalina.startup.VersionLoggerListener.log JVM Version:                       23.0.1+11-39
29-Apr-2025 17:52:18.200 INFO [main] org.apache.catalina.startup.VersionLoggerListener.log Vededor JVM:                       Oracle Corporation
29-Apr-2025 17:52:18.200 INFO [main] org.apache.catalina.startup.VersionLoggerListener.log CATALINA_BASE:                     C:\xampp\tomcat
29-Apr-2025 17:52:18.200 INFO [main] org.apache.catalina.startup.VersionLoggerListener.log CATALINA_HOME:                     C:\xampp\tomcat
29-Apr-2025 17:52:18.200 INFO [main] org.apache.catalina.startup.VersionLoggerListener.log Command line argument:             --add-opens=java.base/java.lang=ALL-UNNAMED
29-Apr-2025 17:52:18.201 INFO [main] org.apache.catalina.startup.VersionLoggerListener.log Command line argument:             --add-opens=java.base/java.io=ALL-UNNAMED
29-Apr-2025 17:52:18.201 INFO [main] org.apache.catalina.startup.VersionLoggerListener.log Command line argument:             --add-opens=java.base/java.util=ALL-UNNAMED
29-Apr-2025 17:52:18.201 INFO [main] org.apache.catalina.startup.VersionLoggerListener.log Command line argument:             --add-opens=java.base/java.util.concurrent=ALL-UNNAMED
29-Apr-2025 17:52:18.201 INFO [main] org.apache.catalina.startup.VersionLoggerListener.log Command line argument:             --add-opens=java.rmi/sun.rmi.transport=ALL-UNNAMED
29-Apr-2025 17:52:18.201 INFO [main] org.apache.catalina.startup.VersionLoggerListener.log Command line argument:             -Djava.util.logging.config.file=C:\xampp\tomcat\conf\logging.properties
29-Apr-2025 17:52:18.201 INFO [main] org.apache.catalina.startup.VersionLoggerListener.log Command line argument:             -Djava.util.logging.manager=org.apache.juli.ClassLoaderLogManager
29-Apr-2025 17:52:18.201 INFO [main] org.apache.catalina.startup.VersionLoggerListener.log Command line argument:             -Djdk.tls.ephemeralDHKeySize=2048
29-Apr-2025 17:52:18.202 INFO [main] org.apache.catalina.startup.VersionLoggerListener.log Command line argument:             -Djava.protocol.handler.pkgs=org.apache.catalina.webresources
29-Apr-2025 17:52:18.202 INFO [main] org.apache.catalina.startup.VersionLoggerListener.log Command line argument:             -Dignore.endorsed.dirs=
29-Apr-2025 17:52:18.202 INFO [main] org.apache.catalina.startup.VersionLoggerListener.log Command line argument:             -Dcatalina.base=C:\xampp\tomcat
29-Apr-2025 17:52:18.202 INFO [main] org.apache.catalina.startup.VersionLoggerListener.log Command line argument:             -Dcatalina.home=C:\xampp\tomcat
29-Apr-2025 17:52:18.202 INFO [main] org.apache.catalina.startup.VersionLoggerListener.log Command line argument:             -Djava.io.tmpdir=C:\xampp\tomcat\temp
29-Apr-2025 17:52:18.202 INFO [main] org.apache.catalina.core.AprLifecycleListener.lifecycleEvent Cargada la biblioteca nativa APR de Apache Tomcat [1.2.39] con la versión APR [1.7.4].
29-Apr-2025 17:52:18.202 INFO [main] org.apache.catalina.core.AprLifecycleListener.lifecycleEvent Capacidades APR: IPv6 [true], enviar fichero [true], aceptar filtros [false], aleatorio [true], UDS [{4}].
29-Apr-2025 17:52:18.239 INFO [main] org.apache.catalina.core.AprLifecycleListener.lifecycleEvent APR/OpenSSL configuration: useAprConnector [false], useOpenSSL [true]
29-Apr-2025 17:52:18.249 INFO [main] org.apache.catalina.core.AprLifecycleListener.initializeSSL OpenSSL inicializado correctamente [OpenSSL 3.0.11 19 Sep 2023]
29-Apr-2025 17:52:18.326 INFO [main] org.apache.coyote.AbstractProtocol.init Inicializando el manejador de protocolo ["http-nio-8080"]

29-Apr-2025 17:52:18.375 INFO [main] org.apache.catalina.startup.Catalina.load Initialization processed in 935 ms
29-Apr-2025 17:52:18.459 INFO [main] org.apache.catalina.core.StandardService.startInternal Arrancando servicio [Catalina]
29-Apr-2025 17:52:18.460 INFO [main] org.apache.catalina.core.StandardEngine.startInternal Starting Servlet engine: [Apache Tomcat/8.5.96]
29-Apr-2025 17:52:18.473 INFO [localhost-startStop-1] org.apache.catalina.startup.HostConfig.deployDirectory Desplegando el directorio [C:\xampp\tomcat\webapps\docs] de la aplicación web
29-Apr-2025 17:52:18.942 INFO [localhost-startStop-1] org.apache.catalina.startup.HostConfig.deployDirectory Deployment of web application directory [C:\xampp\tomcat\webapps\docs] has finished in [465] ms
29-Apr-2025 17:52:18.943 INFO [localhost-startStop-1] org.apache.catalina.startup.HostConfig.deployDirectory Desplegando el directorio [C:\xampp\tomcat\webapps\examples] de la aplicación web
29-Apr-2025 17:52:19.596 INFO [localhost-startStop-1] org.apache.catalina.startup.HostConfig.deployDirectory Deployment of web application directory [C:\xampp\tomcat\webapps\examples] has finished in [653] ms
29-Apr-2025 17:52:19.596 INFO [localhost-startStop-1] org.apache.catalina.startup.HostConfig.deployDirectory Desplegando el directorio [C:\xampp\tomcat\webapps\host-manager] de la aplicación web
29-Apr-2025 17:52:19.673 INFO [localhost-startStop-1] org.apache.catalina.startup.HostConfig.deployDirectory Deployment of web application directory [C:\xampp\tomcat\webapps\host-manager] has finished in [77] ms
29-Apr-2025 17:52:19.674 INFO [localhost-startStop-1] org.apache.catalina.startup.HostConfig.deployDirectory Desplegando el directorio [C:\xampp\tomcat\webapps\manager] de la aplicación web
29-Apr-2025 17:52:19.754 INFO [localhost-startStop-1] org.apache.catalina.startup.HostConfig.deployDirectory Deployment of web application directory [C:\xampp\tomcat\webapps\manager] has finished in [80] ms
29-Apr-2025 17:52:19.754 INFO [localhost-startStop-1] org.apache.catalina.startup.HostConfig.deployDirectory Desplegando el directorio [C:\xampp\tomcat\webapps\projecto] de la aplicación web
29-Apr-2025 17:52:19.805 INFO [localhost-startStop-1] org.apache.catalina.startup.HostConfig.deployDirectory Deployment of web application directory [C:\xampp\tomcat\webapps\projecto] has finished in [51] ms
29-Apr-2025 17:52:19.806 INFO [localhost-startStop-1] org.apache.catalina.startup.HostConfig.deployDirectory Desplegando el directorio [C:\xampp\tomcat\webapps\ROOT] de la aplicación web
29-Apr-2025 17:52:19.854 INFO [localhost-startStop-1] org.apache.catalina.startup.HostConfig.deployDirectory Deployment of web application directory [C:\xampp\tomcat\webapps\ROOT] has finished in [48] ms
29-Apr-2025 17:52:19.858 INFO [main] org.apache.coyote.AbstractProtocol.start Starting ProtocolHandler ["http-nio-8080"]
29-Apr-2025 17:52:19.909 INFO [main] org.apache.catalina.startup.Catalina.start Server startup in 1531 ms
29-Apr-2025 20:16:49.229 INFO [main] org.apache.catalina.core.StandardServer.await Se ha recibido un comando de apagado a través del puerto de apagado. Parando la instancia del Servidor.
29-Apr-2025 20:16:49.359 INFO [main] org.apache.coyote.AbstractProtocol.pause Pausing ProtocolHandler ["http-nio-8080"]
29-Apr-2025 20:16:49.420 INFO [main] org.apache.catalina.core.StandardService.stopInternal Parando servicio [Catalina]
29-Apr-2025 20:16:49.702 INFO [main] org.apache.coyote.AbstractProtocol.stop Stopping ProtocolHandler ["http-nio-8080"]
29-Apr-2025 20:16:49.710 INFO [main] org.apache.coyote.AbstractProtocol.destroy Destroying ProtocolHandler ["http-nio-8080"]
