29-Apr-2025 17:21:11.885 INFO [localhost-startStop-1] org.apache.catalina.core.ApplicationContext.log ContextListener: contextInitialized()
29-Apr-2025 17:21:11.885 INFO [localhost-startStop-1] org.apache.catalina.core.ApplicationContext.log SessionListener: contextInitialized()
29-Apr-2025 17:21:11.887 INFO [localhost-startStop-1] org.apache.catalina.core.ApplicationContext.log ContextListener: attributeAdded('StockTicker', 'async.Stockticker@35f5704d')
29-Apr-2025 17:30:44.388 INFO [localhost-startStop-2] org.apache.catalina.core.ApplicationContext.log SessionListener: contextDestroyed()
29-Apr-2025 17:30:44.388 INFO [localhost-startStop-2] org.apache.catalina.core.ApplicationContext.log ContextListener: contextDestroyed()
29-Apr-2025 17:33:22.798 INFO [localhost-startStop-1] org.apache.catalina.core.ApplicationContext.log ContextListener: contextInitialized()
29-Apr-2025 17:33:22.799 INFO [localhost-startStop-1] org.apache.catalina.core.ApplicationContext.log SessionListener: contextInitialized()
29-Apr-2025 17:33:22.801 INFO [localhost-startStop-1] org.apache.catalina.core.ApplicationContext.log ContextListener: attributeAdded('StockTicker', 'async.Stockticker@67a0379f')
29-Apr-2025 17:41:16.886 INFO [localhost-startStop-2] org.apache.catalina.core.ApplicationContext.log SessionListener: contextDestroyed()
29-Apr-2025 17:41:16.886 INFO [localhost-startStop-2] org.apache.catalina.core.ApplicationContext.log ContextListener: contextDestroyed()
29-Apr-2025 17:43:43.380 INFO [localhost-startStop-1] org.apache.catalina.core.ApplicationContext.log ContextListener: contextInitialized()
29-Apr-2025 17:43:43.380 INFO [localhost-startStop-1] org.apache.catalina.core.ApplicationContext.log SessionListener: contextInitialized()
29-Apr-2025 17:43:43.383 INFO [localhost-startStop-1] org.apache.catalina.core.ApplicationContext.log ContextListener: attributeAdded('StockTicker', 'async.Stockticker@1629fade')
29-Apr-2025 17:49:05.423 INFO [http-nio-8080-exec-1] org.apache.catalina.core.ApplicationContext.log ContextListener: attributeAdded('org.apache.jasper.runtime.JspApplicationContextImpl', 'org.apache.jasper.runtime.JspApplicationContextImpl@3765fe1')
29-Apr-2025 17:49:05.426 INFO [http-nio-8080-exec-1] org.apache.catalina.core.ApplicationContext.log ContextListener: attributeAdded('org.apache.jasper.compiler.ELInterpreter', 'org.apache.jasper.compiler.ELInterpreterFactory$DefaultELInterpreter@2d6760bc')
29-Apr-2025 17:49:05.426 INFO [http-nio-8080-exec-1] org.apache.catalina.core.ApplicationContext.log ContextListener: attributeAdded('org.apache.jasper.compiler.StringInterpreter', 'org.apache.jasper.compiler.StringInterpreterFactory$DefaultStringInterpreter@2c0b73d9')
29-Apr-2025 17:49:05.598 INFO [http-nio-8080-exec-1] org.apache.catalina.core.ApplicationContext.log SessionListener: sessionCreated('5AB80AFE9A85B69584F27152F56C6105')
29-Apr-2025 17:51:56.947 INFO [localhost-startStop-3] org.apache.catalina.core.ApplicationContext.log SessionListener: contextDestroyed()
29-Apr-2025 17:51:56.947 INFO [localhost-startStop-3] org.apache.catalina.core.ApplicationContext.log ContextListener: contextDestroyed()
29-Apr-2025 17:52:19.559 INFO [localhost-startStop-1] org.apache.catalina.core.ApplicationContext.log ContextListener: contextInitialized()
29-Apr-2025 17:52:19.559 INFO [localhost-startStop-1] org.apache.catalina.core.ApplicationContext.log SessionListener: contextInitialized()
29-Apr-2025 17:52:19.561 INFO [localhost-startStop-1] org.apache.catalina.core.ApplicationContext.log ContextListener: attributeAdded('StockTicker', 'async.Stockticker@17dca380')
29-Apr-2025 18:19:21.869 INFO [ContainerBackgroundProcessor[StandardEngine[Catalina]]] org.apache.catalina.core.ApplicationContext.log SessionListener: sessionDestroyed('5AB80AFE9A85B69584F27152F56C6105')
29-Apr-2025 20:16:49.666 INFO [localhost-startStop-2] org.apache.catalina.core.ApplicationContext.log SessionListener: contextDestroyed()
29-Apr-2025 20:16:49.666 INFO [localhost-startStop-2] org.apache.catalina.core.ApplicationContext.log ContextListener: contextDestroyed()
